22:47:03.128 [ApplicationImpl pooled thread 343] INFO  c.b.l.BrowserStackRunExtension - testng
22:47:03.128 [ApplicationImpl pooled thread 343] INFO  com.browserstack.utils.Helpers - null
22:47:03.129 [ApplicationImpl pooled thread 343] INFO  c.b.l.BrowserStackRunExtension - Agent path: null
22:47:41.098 [ApplicationImpl pooled thread 335] INFO  c.b.l.BrowserStackRunExtension - testng
22:47:41.098 [ApplicationImpl pooled thread 335] INFO  com.browserstack.utils.Helpers - null
22:47:41.099 [ApplicationImpl pooled thread 335] INFO  c.b.l.BrowserStackRunExtension - Agent path: null
22:53:23.594 [ApplicationImpl pooled thread 348] INFO  c.b.l.BrowserStackRunExtension - testng
22:53:23.594 [ApplicationImpl pooled thread 348] INFO  com.browserstack.utils.Helpers - null
22:53:23.595 [ApplicationImpl pooled thread 348] INFO  c.b.l.BrowserStackRunExtension - Agent path: null
23:07:16.639 [ApplicationImpl pooled thread 355] INFO  c.b.l.BrowserStackRunExtension - testng
23:07:16.639 [ApplicationImpl pooled thread 355] INFO  com.browserstack.utils.Helpers - null
23:07:16.639 [ApplicationImpl pooled thread 355] INFO  c.b.l.BrowserStackRunExtension - Agent path: null
23:37:09.043 [ApplicationImpl pooled thread 383] INFO  c.b.l.BrowserStackRunExtension - testng
23:37:09.043 [ApplicationImpl pooled thread 383] INFO  com.browserstack.utils.Helpers - null
23:37:09.043 [ApplicationImpl pooled thread 383] INFO  c.b.l.BrowserStackRunExtension - Agent path: null
23:39:52.829 [ApplicationImpl pooled thread 363] INFO  c.b.l.BrowserStackRunExtension - testng
23:39:52.829 [ApplicationImpl pooled thread 363] INFO  com.browserstack.utils.Helpers - null
23:39:52.830 [ApplicationImpl pooled thread 363] INFO  c.b.l.BrowserStackRunExtension - Agent path: null
23:40:28.751 [ApplicationImpl pooled thread 378] INFO  c.b.l.BrowserStackRunExtension - testng
23:40:28.751 [ApplicationImpl pooled thread 378] INFO  com.browserstack.utils.Helpers - null
23:40:28.751 [ApplicationImpl pooled thread 378] INFO  c.b.l.BrowserStackRunExtension - Agent path: null
23:41:02.614 [ApplicationImpl pooled thread 383] INFO  c.b.l.BrowserStackRunExtension - testng
23:41:02.614 [ApplicationImpl pooled thread 383] INFO  com.browserstack.utils.Helpers - null
23:41:02.614 [ApplicationImpl pooled thread 383] INFO  c.b.l.BrowserStackRunExtension - Agent path: null
23:41:38.457 [ApplicationImpl pooled thread 383] INFO  c.b.l.BrowserStackRunExtension - testng
23:41:38.457 [ApplicationImpl pooled thread 383] INFO  com.browserstack.utils.Helpers - null
23:41:38.458 [ApplicationImpl pooled thread 383] INFO  c.b.l.BrowserStackRunExtension - Agent path: null
23:44:18.933 [ApplicationImpl pooled thread 378] INFO  c.b.l.BrowserStackRunExtension - testng
23:44:18.933 [ApplicationImpl pooled thread 378] INFO  com.browserstack.utils.Helpers - null
23:44:18.933 [ApplicationImpl pooled thread 378] INFO  c.b.l.BrowserStackRunExtension - Agent path: null
23:56:08.498 [ApplicationImpl pooled thread 397] INFO  c.b.l.BrowserStackRunExtension - testng
23:56:08.499 [ApplicationImpl pooled thread 397] INFO  com.browserstack.utils.Helpers - null
23:56:08.499 [ApplicationImpl pooled thread 397] INFO  c.b.l.BrowserStackRunExtension - Agent path: null
23:56:55.926 [ApplicationImpl pooled thread 393] INFO  c.b.l.BrowserStackRunExtension - testng
23:56:55.927 [ApplicationImpl pooled thread 393] INFO  com.browserstack.utils.Helpers - null
23:56:55.927 [ApplicationImpl pooled thread 393] INFO  c.b.l.BrowserStackRunExtension - Agent path: null
23:58:14.975 [ApplicationImpl pooled thread 393] INFO  c.b.l.BrowserStackRunExtension - testng
23:58:14.975 [ApplicationImpl pooled thread 393] INFO  com.browserstack.utils.Helpers - null
23:58:14.975 [ApplicationImpl pooled thread 393] INFO  c.b.l.BrowserStackRunExtension - Agent path: null
08:57:03.337 [ApplicationImpl pooled thread 639] INFO  c.b.l.BrowserStackRunExtension - testng
08:57:03.338 [ApplicationImpl pooled thread 639] INFO  com.browserstack.utils.Helpers - null
08:57:03.338 [ApplicationImpl pooled thread 639] INFO  c.b.l.BrowserStackRunExtension - Agent path: null
09:13:21.412 [ApplicationImpl pooled thread 642] INFO  c.b.l.BrowserStackRunExtension - testng
09:13:21.412 [ApplicationImpl pooled thread 642] INFO  com.browserstack.utils.Helpers - null
09:13:21.412 [ApplicationImpl pooled thread 642] INFO  c.b.l.BrowserStackRunExtension - Agent path: null
09:18:05.939 [ApplicationImpl pooled thread 640] INFO  c.b.l.BrowserStackRunExtension - testng
09:18:05.940 [ApplicationImpl pooled thread 640] INFO  com.browserstack.utils.Helpers - null
09:18:05.940 [ApplicationImpl pooled thread 640] INFO  c.b.l.BrowserStackRunExtension - Agent path: null
09:24:19.065 [ApplicationImpl pooled thread 657] INFO  c.b.l.BrowserStackRunExtension - testng
09:24:19.066 [ApplicationImpl pooled thread 657] INFO  com.browserstack.utils.Helpers - null
09:24:19.066 [ApplicationImpl pooled thread 657] INFO  c.b.l.BrowserStackRunExtension - Agent path: null
09:25:30.572 [ApplicationImpl pooled thread 664] INFO  c.b.l.BrowserStackRunExtension - testng
09:25:30.572 [ApplicationImpl pooled thread 664] INFO  com.browserstack.utils.Helpers - null
09:25:30.573 [ApplicationImpl pooled thread 664] INFO  c.b.l.BrowserStackRunExtension - Agent path: null
09:35:34.129 [ApplicationImpl pooled thread 671] INFO  c.b.l.BrowserStackRunExtension - testng
09:35:34.130 [ApplicationImpl pooled thread 671] INFO  com.browserstack.utils.Helpers - null
09:35:34.130 [ApplicationImpl pooled thread 671] INFO  c.b.l.BrowserStackRunExtension - Agent path: null
09:38:11.998 [ApplicationImpl pooled thread 679] INFO  c.b.l.BrowserStackRunExtension - testng
09:38:11.998 [ApplicationImpl pooled thread 679] INFO  com.browserstack.utils.Helpers - null
09:38:11.998 [ApplicationImpl pooled thread 679] INFO  c.b.l.BrowserStackRunExtension - Agent path: null
09:39:24.758 [ApplicationImpl pooled thread 671] INFO  c.b.l.BrowserStackRunExtension - testng
09:39:24.758 [ApplicationImpl pooled thread 671] INFO  com.browserstack.utils.Helpers - null
09:39:24.759 [ApplicationImpl pooled thread 671] INFO  c.b.l.BrowserStackRunExtension - Agent path: null
09:42:50.818 [ApplicationImpl pooled thread 679] INFO  c.b.l.BrowserStackRunExtension - testng
09:42:50.819 [ApplicationImpl pooled thread 679] INFO  com.browserstack.utils.Helpers - null
09:42:50.819 [ApplicationImpl pooled thread 679] INFO  c.b.l.BrowserStackRunExtension - Agent path: null
09:42:58.202 [ApplicationImpl pooled thread 656] INFO  c.b.l.BrowserStackRunExtension - testng
09:42:58.202 [ApplicationImpl pooled thread 656] INFO  com.browserstack.utils.Helpers - null
09:42:58.203 [ApplicationImpl pooled thread 656] INFO  c.b.l.BrowserStackRunExtension - Agent path: null
09:44:26.701 [ApplicationImpl pooled thread 676] INFO  c.b.l.BrowserStackRunExtension - testng
09:44:26.701 [ApplicationImpl pooled thread 676] INFO  com.browserstack.utils.Helpers - null
09:44:26.702 [ApplicationImpl pooled thread 676] INFO  c.b.l.BrowserStackRunExtension - Agent path: null
09:54:23.572 [ApplicationImpl pooled thread 684] INFO  c.b.l.BrowserStackRunExtension - testng
09:54:23.572 [ApplicationImpl pooled thread 684] INFO  com.browserstack.utils.Helpers - null
09:54:23.573 [ApplicationImpl pooled thread 684] INFO  c.b.l.BrowserStackRunExtension - Agent path: null
10:07:19.890 [ApplicationImpl pooled thread 712] INFO  c.b.l.BrowserStackRunExtension - testng
10:07:19.890 [ApplicationImpl pooled thread 712] INFO  com.browserstack.utils.Helpers - null
10:07:19.891 [ApplicationImpl pooled thread 712] INFO  c.b.l.BrowserStackRunExtension - Agent path: null
10:12:25.105 [ApplicationImpl pooled thread 716] INFO  c.b.l.BrowserStackRunExtension - testng
10:12:25.106 [ApplicationImpl pooled thread 716] INFO  com.browserstack.utils.Helpers - null
10:12:25.106 [ApplicationImpl pooled thread 716] INFO  c.b.l.BrowserStackRunExtension - Agent path: null
10:12:41.203 [ApplicationImpl pooled thread 697] INFO  c.b.l.BrowserStackRunExtension - testng
10:12:41.204 [ApplicationImpl pooled thread 697] INFO  com.browserstack.utils.Helpers - null
10:12:41.204 [ApplicationImpl pooled thread 697] INFO  c.b.l.BrowserStackRunExtension - Agent path: null
10:14:22.751 [ApplicationImpl pooled thread 711] INFO  c.b.l.BrowserStackRunExtension - testng
10:14:22.751 [ApplicationImpl pooled thread 711] INFO  com.browserstack.utils.Helpers - null
10:14:22.751 [ApplicationImpl pooled thread 711] INFO  c.b.l.BrowserStackRunExtension - Agent path: null
10:20:33.547 [ApplicationImpl pooled thread 723] INFO  c.b.l.BrowserStackRunExtension - testng
10:20:33.547 [ApplicationImpl pooled thread 723] INFO  com.browserstack.utils.Helpers - null
10:20:33.549 [ApplicationImpl pooled thread 723] INFO  c.b.l.BrowserStackRunExtension - Agent path: null
10:22:00.234 [ApplicationImpl pooled thread 714] INFO  c.b.l.BrowserStackRunExtension - testng
10:22:00.234 [ApplicationImpl pooled thread 714] INFO  com.browserstack.utils.Helpers - null
10:22:00.235 [ApplicationImpl pooled thread 714] INFO  c.b.l.BrowserStackRunExtension - Agent path: null
10:24:00.923 [ApplicationImpl pooled thread 720] INFO  c.b.l.BrowserStackRunExtension - testng
10:24:00.923 [ApplicationImpl pooled thread 720] INFO  com.browserstack.utils.Helpers - null
10:24:00.923 [ApplicationImpl pooled thread 720] INFO  c.b.l.BrowserStackRunExtension - Agent path: null
11:26:10.993 [ApplicationImpl pooled thread 754] INFO  c.b.l.BrowserStackRunExtension - testng
11:26:10.993 [ApplicationImpl pooled thread 754] INFO  com.browserstack.utils.Helpers - null
11:26:10.994 [ApplicationImpl pooled thread 754] INFO  c.b.l.BrowserStackRunExtension - Agent path: null
11:31:43.776 [ApplicationImpl pooled thread 754] INFO  c.b.l.BrowserStackRunExtension - testng
11:31:43.776 [ApplicationImpl pooled thread 754] INFO  com.browserstack.utils.Helpers - null
11:31:43.776 [ApplicationImpl pooled thread 754] INFO  c.b.l.BrowserStackRunExtension - Agent path: null
11:33:25.701 [ApplicationImpl pooled thread 765] INFO  c.b.l.BrowserStackRunExtension - testng
11:33:25.701 [ApplicationImpl pooled thread 765] INFO  com.browserstack.utils.Helpers - null
11:33:25.702 [ApplicationImpl pooled thread 765] INFO  c.b.l.BrowserStackRunExtension - Agent path: null
11:35:23.096 [ApplicationImpl pooled thread 766] INFO  c.b.l.BrowserStackRunExtension - testng
11:35:23.097 [ApplicationImpl pooled thread 766] INFO  com.browserstack.utils.Helpers - null
11:35:23.097 [ApplicationImpl pooled thread 766] INFO  c.b.l.BrowserStackRunExtension - Agent path: null
11:47:18.974 [ApplicationImpl pooled thread 766] INFO  c.b.l.BrowserStackRunExtension - testng
11:47:18.974 [ApplicationImpl pooled thread 766] INFO  com.browserstack.utils.Helpers - null
11:47:18.974 [ApplicationImpl pooled thread 766] INFO  c.b.l.BrowserStackRunExtension - Agent path: null
11:48:22.533 [ApplicationImpl pooled thread 784] INFO  c.b.l.BrowserStackRunExtension - testng
11:48:22.533 [ApplicationImpl pooled thread 784] INFO  com.browserstack.utils.Helpers - null
11:48:22.534 [ApplicationImpl pooled thread 784] INFO  c.b.l.BrowserStackRunExtension - Agent path: null
11:55:04.773 [ApplicationImpl pooled thread 797] INFO  c.b.l.BrowserStackRunExtension - testng
11:55:04.774 [ApplicationImpl pooled thread 797] INFO  com.browserstack.utils.Helpers - null
11:55:04.774 [ApplicationImpl pooled thread 797] INFO  c.b.l.BrowserStackRunExtension - Agent path: null
11:56:51.574 [AWT-EventQueue-0] INFO  c.b.actions.EnableBrowserStack - Setting enable browserstack run update
11:56:51.584 [AWT-EventQueue-0] INFO  c.b.actions.DisableBrowserStack - Setting disable browserstack run update
11:58:53.425 [AWT-EventQueue-0] INFO  c.b.actions.EnableBrowserStack - Setting enable browserstack run update
11:58:53.436 [AWT-EventQueue-0] INFO  c.b.actions.DisableBrowserStack - Setting disable browserstack run update
12:02:19.272 [ApplicationImpl pooled thread 799] INFO  c.b.l.BrowserStackRunExtension - testng
12:02:19.272 [ApplicationImpl pooled thread 799] INFO  com.browserstack.utils.Helpers - null
12:02:19.272 [ApplicationImpl pooled thread 799] INFO  c.b.l.BrowserStackRunExtension - Agent path: null
12:03:53.616 [ApplicationImpl pooled thread 809] INFO  c.b.l.BrowserStackRunExtension - testng
12:03:53.618 [ApplicationImpl pooled thread 809] INFO  com.browserstack.utils.Helpers - null
12:03:53.618 [ApplicationImpl pooled thread 809] INFO  c.b.l.BrowserStackRunExtension - Agent path: null
12:10:06.127 [ApplicationImpl pooled thread 820] INFO  c.b.l.BrowserStackRunExtension - testng
12:10:06.127 [ApplicationImpl pooled thread 820] INFO  com.browserstack.utils.Helpers - null
12:10:06.127 [ApplicationImpl pooled thread 820] INFO  c.b.l.BrowserStackRunExtension - Agent path: null
12:13:54.934 [ApplicationImpl pooled thread 820] INFO  c.b.l.BrowserStackRunExtension - testng
12:13:54.934 [ApplicationImpl pooled thread 820] INFO  com.browserstack.utils.Helpers - null
12:13:54.935 [ApplicationImpl pooled thread 820] INFO  c.b.l.BrowserStackRunExtension - Agent path: null
12:18:35.325 [ApplicationImpl pooled thread 837] INFO  c.b.l.BrowserStackRunExtension - testng
12:18:35.326 [ApplicationImpl pooled thread 837] INFO  com.browserstack.utils.Helpers - null
12:18:35.326 [ApplicationImpl pooled thread 837] INFO  c.b.l.BrowserStackRunExtension - Agent path: null
12:22:21.856 [ApplicationImpl pooled thread 863] INFO  c.b.l.BrowserStackRunExtension - testng
12:22:21.856 [ApplicationImpl pooled thread 863] INFO  com.browserstack.utils.Helpers - null
12:22:21.856 [ApplicationImpl pooled thread 863] INFO  c.b.l.BrowserStackRunExtension - Agent path: null
12:24:58.098 [ApplicationImpl pooled thread 870] INFO  c.b.l.BrowserStackRunExtension - testng
12:24:58.098 [ApplicationImpl pooled thread 870] INFO  com.browserstack.utils.Helpers - null
12:24:58.098 [ApplicationImpl pooled thread 870] INFO  c.b.l.BrowserStackRunExtension - Agent path: null
12:26:16.674 [ApplicationImpl pooled thread 825] INFO  c.b.l.BrowserStackRunExtension - testng
12:26:16.674 [ApplicationImpl pooled thread 825] INFO  com.browserstack.utils.Helpers - null
12:26:16.674 [ApplicationImpl pooled thread 825] INFO  c.b.l.BrowserStackRunExtension - Agent path: null
12:34:42.859 [ApplicationImpl pooled thread 891] INFO  c.b.l.BrowserStackRunExtension - testng
12:34:42.859 [ApplicationImpl pooled thread 891] INFO  com.browserstack.utils.Helpers - null
12:34:42.860 [ApplicationImpl pooled thread 891] INFO  c.b.l.BrowserStackRunExtension - Agent path: null
12:40:34.476 [ApplicationImpl pooled thread 907] INFO  c.b.l.BrowserStackRunExtension - testng
12:40:34.476 [ApplicationImpl pooled thread 907] INFO  com.browserstack.utils.Helpers - null
12:40:34.477 [ApplicationImpl pooled thread 907] INFO  c.b.l.BrowserStackRunExtension - Agent path: null
12:43:53.501 [ApplicationImpl pooled thread 911] INFO  c.b.l.BrowserStackRunExtension - testng
12:43:53.501 [ApplicationImpl pooled thread 911] INFO  com.browserstack.utils.Helpers - null
12:43:53.502 [ApplicationImpl pooled thread 911] INFO  c.b.l.BrowserStackRunExtension - Agent path: null
12:51:45.378 [ApplicationImpl pooled thread 926] INFO  c.b.l.BrowserStackRunExtension - testng
12:51:45.378 [ApplicationImpl pooled thread 926] INFO  com.browserstack.utils.Helpers - null
12:51:45.379 [ApplicationImpl pooled thread 926] INFO  c.b.l.BrowserStackRunExtension - Agent path: null
12:55:32.295 [ApplicationImpl pooled thread 27] INFO  c.b.l.BrowserStackRunExtension - testng
12:55:32.298 [ApplicationImpl pooled thread 27] INFO  com.browserstack.utils.Helpers - null
12:55:32.301 [ApplicationImpl pooled thread 27] INFO  c.b.l.BrowserStackRunExtension - Agent path: null
12:58:39.442 [ApplicationImpl pooled thread 2] INFO  c.b.l.BrowserStackRunExtension - testng
12:58:39.442 [ApplicationImpl pooled thread 2] INFO  com.browserstack.utils.Helpers - null
12:58:39.443 [ApplicationImpl pooled thread 2] INFO  c.b.l.BrowserStackRunExtension - Agent path: null
13:05:44.270 [ApplicationImpl pooled thread 78] INFO  c.b.l.BrowserStackRunExtension - testng
13:05:44.270 [ApplicationImpl pooled thread 78] INFO  com.browserstack.utils.Helpers - null
13:05:44.270 [ApplicationImpl pooled thread 78] INFO  c.b.l.BrowserStackRunExtension - Agent path: null
13:07:24.514 [ApplicationImpl pooled thread 72] INFO  c.b.l.BrowserStackRunExtension - testng
13:07:24.514 [ApplicationImpl pooled thread 72] INFO  com.browserstack.utils.Helpers - null
13:07:24.514 [ApplicationImpl pooled thread 72] INFO  c.b.l.BrowserStackRunExtension - Agent path: null
13:40:50.869 [ApplicationImpl pooled thread 104] INFO  c.b.l.BrowserStackRunExtension - testng
13:40:50.869 [ApplicationImpl pooled thread 104] INFO  com.browserstack.utils.Helpers - null
13:40:50.870 [ApplicationImpl pooled thread 104] INFO  c.b.l.BrowserStackRunExtension - Agent path: null
13:42:29.688 [ApplicationImpl pooled thread 105] INFO  c.b.l.BrowserStackRunExtension - testng
13:42:29.688 [ApplicationImpl pooled thread 105] INFO  com.browserstack.utils.Helpers - null
13:42:29.689 [ApplicationImpl pooled thread 105] INFO  c.b.l.BrowserStackRunExtension - Agent path: null
13:44:10.645 [ApplicationImpl pooled thread 104] INFO  c.b.l.BrowserStackRunExtension - testng
13:44:10.645 [ApplicationImpl pooled thread 104] INFO  com.browserstack.utils.Helpers - null
13:44:10.646 [ApplicationImpl pooled thread 104] INFO  c.b.l.BrowserStackRunExtension - Agent path: null
13:45:55.365 [ApplicationImpl pooled thread 101] INFO  c.b.l.BrowserStackRunExtension - testng
13:45:55.365 [ApplicationImpl pooled thread 101] INFO  com.browserstack.utils.Helpers - null
13:45:55.365 [ApplicationImpl pooled thread 101] INFO  c.b.l.BrowserStackRunExtension - Agent path: null
13:48:08.886 [ApplicationImpl pooled thread 108] INFO  c.b.l.BrowserStackRunExtension - testng
13:48:08.886 [ApplicationImpl pooled thread 108] INFO  com.browserstack.utils.Helpers - null
13:48:08.886 [ApplicationImpl pooled thread 108] INFO  c.b.l.BrowserStackRunExtension - Agent path: null
13:49:45.367 [ApplicationImpl pooled thread 108] INFO  c.b.l.BrowserStackRunExtension - testng
13:49:45.367 [ApplicationImpl pooled thread 108] INFO  com.browserstack.utils.Helpers - null
13:49:45.368 [ApplicationImpl pooled thread 108] INFO  c.b.l.BrowserStackRunExtension - Agent path: null
13:51:16.411 [ApplicationImpl pooled thread 110] INFO  c.b.l.BrowserStackRunExtension - testng
13:51:16.411 [ApplicationImpl pooled thread 110] INFO  com.browserstack.utils.Helpers - null
13:51:16.412 [ApplicationImpl pooled thread 110] INFO  c.b.l.BrowserStackRunExtension - Agent path: null
13:53:59.001 [ApplicationImpl pooled thread 118] INFO  c.b.l.BrowserStackRunExtension - testng
13:53:59.001 [ApplicationImpl pooled thread 118] INFO  com.browserstack.utils.Helpers - null
13:53:59.002 [ApplicationImpl pooled thread 118] INFO  c.b.l.BrowserStackRunExtension - Agent path: null
13:56:29.668 [ApplicationImpl pooled thread 119] INFO  c.b.l.BrowserStackRunExtension - testng
13:56:29.669 [ApplicationImpl pooled thread 119] INFO  com.browserstack.utils.Helpers - null
13:56:29.670 [ApplicationImpl pooled thread 119] INFO  c.b.l.BrowserStackRunExtension - Agent path: null
13:57:45.617 [ApplicationImpl pooled thread 114] INFO  c.b.l.BrowserStackRunExtension - testng
13:57:45.617 [ApplicationImpl pooled thread 114] INFO  com.browserstack.utils.Helpers - null
13:57:45.618 [ApplicationImpl pooled thread 114] INFO  c.b.l.BrowserStackRunExtension - Agent path: null
13:58:52.570 [ApplicationImpl pooled thread 121] INFO  c.b.l.BrowserStackRunExtension - testng
13:58:52.570 [ApplicationImpl pooled thread 121] INFO  com.browserstack.utils.Helpers - null
13:58:52.571 [ApplicationImpl pooled thread 121] INFO  c.b.l.BrowserStackRunExtension - Agent path: null
14:03:02.264 [ApplicationImpl pooled thread 137] INFO  c.b.l.BrowserStackRunExtension - testng
14:03:02.264 [ApplicationImpl pooled thread 137] INFO  com.browserstack.utils.Helpers - null
14:03:02.265 [ApplicationImpl pooled thread 137] INFO  c.b.l.BrowserStackRunExtension - Agent path: null
14:08:16.131 [ApplicationImpl pooled thread 142] INFO  c.b.l.BrowserStackRunExtension - testng
14:08:16.131 [ApplicationImpl pooled thread 142] INFO  com.browserstack.utils.Helpers - null
14:08:16.132 [ApplicationImpl pooled thread 142] INFO  c.b.l.BrowserStackRunExtension - Agent path: null
14:12:32.232 [ApplicationImpl pooled thread 137] INFO  c.b.l.BrowserStackRunExtension - testng
14:12:32.232 [ApplicationImpl pooled thread 137] INFO  com.browserstack.utils.Helpers - null
14:12:32.232 [ApplicationImpl pooled thread 137] INFO  c.b.l.BrowserStackRunExtension - Agent path: null
14:16:20.788 [ApplicationImpl pooled thread 155] INFO  c.b.l.BrowserStackRunExtension - testng
14:16:20.788 [ApplicationImpl pooled thread 155] INFO  com.browserstack.utils.Helpers - null
14:16:20.788 [ApplicationImpl pooled thread 155] INFO  c.b.l.BrowserStackRunExtension - Agent path: null
14:20:56.569 [ApplicationImpl pooled thread 134] INFO  c.b.l.BrowserStackRunExtension - testng
14:20:56.569 [ApplicationImpl pooled thread 134] INFO  com.browserstack.utils.Helpers - null
14:20:56.570 [ApplicationImpl pooled thread 134] INFO  c.b.l.BrowserStackRunExtension - Agent path: null
14:25:20.397 [ApplicationImpl pooled thread 164] INFO  c.b.l.BrowserStackRunExtension - testng
14:25:20.397 [ApplicationImpl pooled thread 164] INFO  com.browserstack.utils.Helpers - null
14:25:20.397 [ApplicationImpl pooled thread 164] INFO  c.b.l.BrowserStackRunExtension - Agent path: null
14:26:21.517 [ApplicationImpl pooled thread 167] INFO  c.b.l.BrowserStackRunExtension - testng
14:26:21.517 [ApplicationImpl pooled thread 167] INFO  com.browserstack.utils.Helpers - null
14:26:21.518 [ApplicationImpl pooled thread 167] INFO  c.b.l.BrowserStackRunExtension - Agent path: null
14:36:21.176 [ApplicationImpl pooled thread 186] INFO  c.b.l.BrowserStackRunExtension - testng
14:36:21.176 [ApplicationImpl pooled thread 186] INFO  com.browserstack.utils.Helpers - null
14:36:21.177 [ApplicationImpl pooled thread 186] INFO  c.b.l.BrowserStackRunExtension - Agent path: null
14:37:58.665 [ApplicationImpl pooled thread 187] INFO  c.b.l.BrowserStackRunExtension - testng
14:37:58.665 [ApplicationImpl pooled thread 187] INFO  com.browserstack.utils.Helpers - null
14:37:58.665 [ApplicationImpl pooled thread 187] INFO  c.b.l.BrowserStackRunExtension - Agent path: null
14:55:23.089 [ApplicationImpl pooled thread 203] INFO  c.b.l.BrowserStackRunExtension - testng
14:55:23.089 [ApplicationImpl pooled thread 203] INFO  com.browserstack.utils.Helpers - null
14:55:23.089 [ApplicationImpl pooled thread 203] INFO  c.b.l.BrowserStackRunExtension - Agent path: null
14:57:42.190 [ApplicationImpl pooled thread 211] INFO  c.b.l.BrowserStackRunExtension - testng
14:57:42.190 [ApplicationImpl pooled thread 211] INFO  com.browserstack.utils.Helpers - null
14:57:42.191 [ApplicationImpl pooled thread 211] INFO  c.b.l.BrowserStackRunExtension - Agent path: null
15:03:09.840 [ApplicationImpl pooled thread 216] INFO  c.b.l.BrowserStackRunExtension - testng
15:03:09.840 [ApplicationImpl pooled thread 216] INFO  com.browserstack.utils.Helpers - null
15:03:09.840 [ApplicationImpl pooled thread 216] INFO  c.b.l.BrowserStackRunExtension - Agent path: null
15:04:25.473 [ApplicationImpl pooled thread 211] INFO  c.b.l.BrowserStackRunExtension - testng
15:04:25.473 [ApplicationImpl pooled thread 211] INFO  com.browserstack.utils.Helpers - null
15:04:25.473 [ApplicationImpl pooled thread 211] INFO  c.b.l.BrowserStackRunExtension - Agent path: null
15:09:24.271 [ApplicationImpl pooled thread 225] INFO  c.b.l.BrowserStackRunExtension - testng
15:09:24.272 [ApplicationImpl pooled thread 225] INFO  com.browserstack.utils.Helpers - null
15:09:24.272 [ApplicationImpl pooled thread 225] INFO  c.b.l.BrowserStackRunExtension - Agent path: null
15:12:05.868 [ApplicationImpl pooled thread 236] INFO  c.b.l.BrowserStackRunExtension - testng
15:12:05.868 [ApplicationImpl pooled thread 236] INFO  com.browserstack.utils.Helpers - null
15:12:05.869 [ApplicationImpl pooled thread 236] INFO  c.b.l.BrowserStackRunExtension - Agent path: null
15:13:17.711 [ApplicationImpl pooled thread 240] INFO  c.b.l.BrowserStackRunExtension - testng
15:13:17.713 [ApplicationImpl pooled thread 240] INFO  com.browserstack.utils.Helpers - null
15:13:17.716 [ApplicationImpl pooled thread 240] INFO  c.b.l.BrowserStackRunExtension - Agent path: null
15:15:03.925 [ApplicationImpl pooled thread 242] INFO  c.b.l.BrowserStackRunExtension - testng
15:15:03.926 [ApplicationImpl pooled thread 242] INFO  com.browserstack.utils.Helpers - null
15:15:03.926 [ApplicationImpl pooled thread 242] INFO  c.b.l.BrowserStackRunExtension - Agent path: null
15:20:05.179 [ApplicationImpl pooled thread 236] INFO  c.b.l.BrowserStackRunExtension - testng
15:20:05.179 [ApplicationImpl pooled thread 236] INFO  com.browserstack.utils.Helpers - null
15:20:05.179 [ApplicationImpl pooled thread 236] INFO  c.b.l.BrowserStackRunExtension - Agent path: null
15:22:37.824 [ApplicationImpl pooled thread 252] INFO  c.b.l.BrowserStackRunExtension - testng
15:22:37.824 [ApplicationImpl pooled thread 252] INFO  com.browserstack.utils.Helpers - null
15:22:37.825 [ApplicationImpl pooled thread 252] INFO  c.b.l.BrowserStackRunExtension - Agent path: null
15:24:36.471 [ApplicationImpl pooled thread 259] INFO  c.b.l.BrowserStackRunExtension - testng
15:24:36.471 [ApplicationImpl pooled thread 259] INFO  com.browserstack.utils.Helpers - null
15:24:36.471 [ApplicationImpl pooled thread 259] INFO  c.b.l.BrowserStackRunExtension - Agent path: null
15:26:14.613 [ApplicationImpl pooled thread 252] INFO  c.b.l.BrowserStackRunExtension - testng
15:26:14.613 [ApplicationImpl pooled thread 252] INFO  com.browserstack.utils.Helpers - null
15:26:14.613 [ApplicationImpl pooled thread 252] INFO  c.b.l.BrowserStackRunExtension - Agent path: null
15:32:00.411 [ApplicationImpl pooled thread 268] INFO  c.b.l.BrowserStackRunExtension - testng
15:32:00.411 [ApplicationImpl pooled thread 268] INFO  com.browserstack.utils.Helpers - null
15:32:00.412 [ApplicationImpl pooled thread 268] INFO  c.b.l.BrowserStackRunExtension - Agent path: null
15:35:13.734 [ApplicationImpl pooled thread 279] INFO  c.b.l.BrowserStackRunExtension - testng
15:35:13.734 [ApplicationImpl pooled thread 279] INFO  com.browserstack.utils.Helpers - null
15:35:13.734 [ApplicationImpl pooled thread 279] INFO  c.b.l.BrowserStackRunExtension - Agent path: null
15:38:55.136 [ApplicationImpl pooled thread 287] INFO  c.b.l.BrowserStackRunExtension - testng
15:38:55.136 [ApplicationImpl pooled thread 287] INFO  com.browserstack.utils.Helpers - null
15:38:55.138 [ApplicationImpl pooled thread 287] INFO  c.b.l.BrowserStackRunExtension - Agent path: null
15:49:45.770 [ApplicationImpl pooled thread 310] INFO  c.b.l.BrowserStackRunExtension - testng
15:49:45.770 [ApplicationImpl pooled thread 310] INFO  com.browserstack.utils.Helpers - null
15:49:45.772 [ApplicationImpl pooled thread 310] INFO  c.b.l.BrowserStackRunExtension - Agent path: null
15:51:42.644 [ApplicationImpl pooled thread 318] INFO  c.b.l.BrowserStackRunExtension - testng
15:51:42.644 [ApplicationImpl pooled thread 318] INFO  com.browserstack.utils.Helpers - null
15:51:42.644 [ApplicationImpl pooled thread 318] INFO  c.b.l.BrowserStackRunExtension - Agent path: null
15:54:24.939 [ApplicationImpl pooled thread 319] INFO  c.b.l.BrowserStackRunExtension - testng
15:54:24.939 [ApplicationImpl pooled thread 319] INFO  com.browserstack.utils.Helpers - null
15:54:24.939 [ApplicationImpl pooled thread 319] INFO  c.b.l.BrowserStackRunExtension - Agent path: null
15:55:35.868 [ApplicationImpl pooled thread 321] INFO  c.b.l.BrowserStackRunExtension - testng
15:55:35.868 [ApplicationImpl pooled thread 321] INFO  com.browserstack.utils.Helpers - null
15:55:35.868 [ApplicationImpl pooled thread 321] INFO  c.b.l.BrowserStackRunExtension - Agent path: null
15:56:37.378 [ApplicationImpl pooled thread 327] INFO  c.b.l.BrowserStackRunExtension - testng
15:56:37.379 [ApplicationImpl pooled thread 327] INFO  com.browserstack.utils.Helpers - null
15:56:37.379 [ApplicationImpl pooled thread 327] INFO  c.b.l.BrowserStackRunExtension - Agent path: null
15:58:14.271 [ApplicationImpl pooled thread 327] INFO  c.b.l.BrowserStackRunExtension - testng
15:58:14.271 [ApplicationImpl pooled thread 327] INFO  com.browserstack.utils.Helpers - null
15:58:14.271 [ApplicationImpl pooled thread 327] INFO  c.b.l.BrowserStackRunExtension - Agent path: null
16:09:51.102 [ApplicationImpl pooled thread 349] INFO  c.b.l.BrowserStackRunExtension - testng
16:09:51.102 [ApplicationImpl pooled thread 349] INFO  com.browserstack.utils.Helpers - null
16:09:51.103 [ApplicationImpl pooled thread 349] INFO  c.b.l.BrowserStackRunExtension - Agent path: null
16:11:03.712 [ApplicationImpl pooled thread 348] INFO  c.b.l.BrowserStackRunExtension - testng
16:11:03.712 [ApplicationImpl pooled thread 348] INFO  com.browserstack.utils.Helpers - null
16:11:03.713 [ApplicationImpl pooled thread 348] INFO  c.b.l.BrowserStackRunExtension - Agent path: null
16:12:31.008 [ApplicationImpl pooled thread 360] INFO  c.b.l.BrowserStackRunExtension - testng
16:12:31.008 [ApplicationImpl pooled thread 360] INFO  com.browserstack.utils.Helpers - null
16:12:31.008 [ApplicationImpl pooled thread 360] INFO  c.b.l.BrowserStackRunExtension - Agent path: null
16:13:37.877 [ApplicationImpl pooled thread 353] INFO  c.b.l.BrowserStackRunExtension - testng
16:13:37.877 [ApplicationImpl pooled thread 353] INFO  com.browserstack.utils.Helpers - null
16:13:37.877 [ApplicationImpl pooled thread 353] INFO  c.b.l.BrowserStackRunExtension - Agent path: null
16:15:03.424 [ApplicationImpl pooled thread 345] INFO  c.b.l.BrowserStackRunExtension - testng
16:15:03.424 [ApplicationImpl pooled thread 345] INFO  com.browserstack.utils.Helpers - null
16:15:03.424 [ApplicationImpl pooled thread 345] INFO  c.b.l.BrowserStackRunExtension - Agent path: null
16:16:15.596 [ApplicationImpl pooled thread 358] INFO  c.b.l.BrowserStackRunExtension - testng
16:16:15.596 [ApplicationImpl pooled thread 358] INFO  com.browserstack.utils.Helpers - null
16:16:15.597 [ApplicationImpl pooled thread 358] INFO  c.b.l.BrowserStackRunExtension - Agent path: null
16:19:32.119 [ApplicationImpl pooled thread 368] INFO  c.b.l.BrowserStackRunExtension - testng
16:19:32.119 [ApplicationImpl pooled thread 368] INFO  com.browserstack.utils.Helpers - null
16:19:32.119 [ApplicationImpl pooled thread 368] INFO  c.b.l.BrowserStackRunExtension - Agent path: null
16:24:02.308 [ApplicationImpl pooled thread 374] INFO  c.b.l.BrowserStackRunExtension - testng
16:24:02.308 [ApplicationImpl pooled thread 374] INFO  com.browserstack.utils.Helpers - null
16:24:02.308 [ApplicationImpl pooled thread 374] INFO  c.b.l.BrowserStackRunExtension - Agent path: null
16:25:11.940 [ApplicationImpl pooled thread 388] INFO  c.b.l.BrowserStackRunExtension - testng
16:25:11.941 [ApplicationImpl pooled thread 388] INFO  com.browserstack.utils.Helpers - null
16:25:11.941 [ApplicationImpl pooled thread 388] INFO  c.b.l.BrowserStackRunExtension - Agent path: null
16:27:33.876 [ApplicationImpl pooled thread 376] INFO  c.b.l.BrowserStackRunExtension - testng
16:27:33.876 [ApplicationImpl pooled thread 376] INFO  com.browserstack.utils.Helpers - null
16:27:33.876 [ApplicationImpl pooled thread 376] INFO  c.b.l.BrowserStackRunExtension - Agent path: null
16:32:04.625 [ApplicationImpl pooled thread 398] INFO  c.b.l.BrowserStackRunExtension - testng
16:32:04.626 [ApplicationImpl pooled thread 398] INFO  com.browserstack.utils.Helpers - null
16:32:04.626 [ApplicationImpl pooled thread 398] INFO  c.b.l.BrowserStackRunExtension - Agent path: null
16:36:23.932 [ApplicationImpl pooled thread 397] INFO  c.b.l.BrowserStackRunExtension - testng
16:36:23.932 [ApplicationImpl pooled thread 397] INFO  com.browserstack.utils.Helpers - null
16:36:23.932 [ApplicationImpl pooled thread 397] INFO  c.b.l.BrowserStackRunExtension - Agent path: null
16:38:09.819 [ApplicationImpl pooled thread 412] INFO  c.b.l.BrowserStackRunExtension - testng
16:38:09.819 [ApplicationImpl pooled thread 412] INFO  com.browserstack.utils.Helpers - null
16:38:09.819 [ApplicationImpl pooled thread 412] INFO  c.b.l.BrowserStackRunExtension - Agent path: null
16:41:56.783 [ApplicationImpl pooled thread 398] INFO  c.b.l.BrowserStackRunExtension - testng
16:41:56.783 [ApplicationImpl pooled thread 398] INFO  com.browserstack.utils.Helpers - null
16:41:56.784 [ApplicationImpl pooled thread 398] INFO  c.b.l.BrowserStackRunExtension - Agent path: null
16:44:15.751 [ApplicationImpl pooled thread 415] INFO  c.b.l.BrowserStackRunExtension - testng
16:44:15.751 [ApplicationImpl pooled thread 415] INFO  com.browserstack.utils.Helpers - null
16:44:15.752 [ApplicationImpl pooled thread 415] INFO  c.b.l.BrowserStackRunExtension - Agent path: null
16:47:33.359 [ApplicationImpl pooled thread 429] INFO  c.b.l.BrowserStackRunExtension - testng
16:47:33.360 [ApplicationImpl pooled thread 429] INFO  com.browserstack.utils.Helpers - null
16:47:33.360 [ApplicationImpl pooled thread 429] INFO  c.b.l.BrowserStackRunExtension - Agent path: null
16:49:06.840 [ApplicationImpl pooled thread 422] INFO  c.b.l.BrowserStackRunExtension - testng
16:49:06.840 [ApplicationImpl pooled thread 422] INFO  com.browserstack.utils.Helpers - null
16:49:06.840 [ApplicationImpl pooled thread 422] INFO  c.b.l.BrowserStackRunExtension - Agent path: null
16:50:38.225 [ApplicationImpl pooled thread 435] INFO  c.b.l.BrowserStackRunExtension - testng
16:50:38.225 [ApplicationImpl pooled thread 435] INFO  com.browserstack.utils.Helpers - null
16:50:38.225 [ApplicationImpl pooled thread 435] INFO  c.b.l.BrowserStackRunExtension - Agent path: null
16:54:38.961 [ApplicationImpl pooled thread 422] INFO  c.b.l.BrowserStackRunExtension - testng
16:54:38.961 [ApplicationImpl pooled thread 422] INFO  com.browserstack.utils.Helpers - null
16:54:38.962 [ApplicationImpl pooled thread 422] INFO  c.b.l.BrowserStackRunExtension - Agent path: null
16:58:41.477 [ApplicationImpl pooled thread 450] INFO  c.b.l.BrowserStackRunExtension - testng
16:58:41.477 [ApplicationImpl pooled thread 450] INFO  com.browserstack.utils.Helpers - null
16:58:41.478 [ApplicationImpl pooled thread 450] INFO  c.b.l.BrowserStackRunExtension - Agent path: null
17:00:42.942 [ApplicationImpl pooled thread 449] INFO  c.b.l.BrowserStackRunExtension - testng
17:00:42.942 [ApplicationImpl pooled thread 449] INFO  com.browserstack.utils.Helpers - null
17:00:42.942 [ApplicationImpl pooled thread 449] INFO  c.b.l.BrowserStackRunExtension - Agent path: null
17:03:16.744 [ApplicationImpl pooled thread 455] INFO  c.b.l.BrowserStackRunExtension - testng
17:03:16.745 [ApplicationImpl pooled thread 455] INFO  com.browserstack.utils.Helpers - null
17:03:16.747 [ApplicationImpl pooled thread 455] INFO  c.b.l.BrowserStackRunExtension - Agent path: null
17:03:21.178 [ApplicationImpl pooled thread 461] INFO  c.b.l.BrowserStackRunExtension - testng
17:03:21.178 [ApplicationImpl pooled thread 461] INFO  com.browserstack.utils.Helpers - null
17:03:21.178 [ApplicationImpl pooled thread 461] INFO  c.b.l.BrowserStackRunExtension - Agent path: null
17:05:17.083 [ApplicationImpl pooled thread 467] INFO  c.b.l.BrowserStackRunExtension - testng
17:05:17.083 [ApplicationImpl pooled thread 467] INFO  com.browserstack.utils.Helpers - null
17:05:17.084 [ApplicationImpl pooled thread 467] INFO  c.b.l.BrowserStackRunExtension - Agent path: null
17:20:58.722 [ApplicationImpl pooled thread 487] INFO  c.b.l.BrowserStackRunExtension - testng
17:20:58.722 [ApplicationImpl pooled thread 487] INFO  com.browserstack.utils.Helpers - null
17:20:58.723 [ApplicationImpl pooled thread 487] INFO  c.b.l.BrowserStackRunExtension - Agent path: null
17:24:02.588 [ApplicationImpl pooled thread 485] INFO  c.b.l.BrowserStackRunExtension - testng
17:24:02.588 [ApplicationImpl pooled thread 485] INFO  com.browserstack.utils.Helpers - null
17:24:02.588 [ApplicationImpl pooled thread 485] INFO  c.b.l.BrowserStackRunExtension - Agent path: null
17:27:17.220 [ApplicationImpl pooled thread 476] INFO  c.b.l.BrowserStackRunExtension - testng
17:27:17.220 [ApplicationImpl pooled thread 476] INFO  com.browserstack.utils.Helpers - null
17:27:17.220 [ApplicationImpl pooled thread 476] INFO  c.b.l.BrowserStackRunExtension - Agent path: null
17:33:44.302 [ApplicationImpl pooled thread 496] INFO  c.b.l.BrowserStackRunExtension - testng
17:33:44.303 [ApplicationImpl pooled thread 496] INFO  com.browserstack.utils.Helpers - null
17:33:44.303 [ApplicationImpl pooled thread 496] INFO  c.b.l.BrowserStackRunExtension - Agent path: null
17:40:58.318 [ApplicationImpl pooled thread 519] INFO  c.b.l.BrowserStackRunExtension - testng
17:40:58.318 [ApplicationImpl pooled thread 519] INFO  com.browserstack.utils.Helpers - null
17:40:58.318 [ApplicationImpl pooled thread 519] INFO  c.b.l.BrowserStackRunExtension - Agent path: null
17:46:03.682 [ApplicationImpl pooled thread 526] INFO  c.b.l.BrowserStackRunExtension - testng
17:46:03.683 [ApplicationImpl pooled thread 526] INFO  com.browserstack.utils.Helpers - null
17:46:03.683 [ApplicationImpl pooled thread 526] INFO  c.b.l.BrowserStackRunExtension - Agent path: null
17:47:50.921 [ApplicationImpl pooled thread 542] INFO  c.b.l.BrowserStackRunExtension - testng
17:47:50.921 [ApplicationImpl pooled thread 542] INFO  com.browserstack.utils.Helpers - null
17:47:50.921 [ApplicationImpl pooled thread 542] INFO  c.b.l.BrowserStackRunExtension - Agent path: null
17:51:20.364 [ApplicationImpl pooled thread 538] INFO  c.b.l.BrowserStackRunExtension - testng
17:51:20.364 [ApplicationImpl pooled thread 538] INFO  com.browserstack.utils.Helpers - null
17:51:20.365 [ApplicationImpl pooled thread 538] INFO  c.b.l.BrowserStackRunExtension - Agent path: null
17:53:12.066 [ApplicationImpl pooled thread 551] INFO  c.b.l.BrowserStackRunExtension - testng
17:53:12.067 [ApplicationImpl pooled thread 551] INFO  com.browserstack.utils.Helpers - null
17:53:12.067 [ApplicationImpl pooled thread 551] INFO  c.b.l.BrowserStackRunExtension - Agent path: null
17:54:17.790 [ApplicationImpl pooled thread 548] INFO  c.b.l.BrowserStackRunExtension - testng
17:54:17.791 [ApplicationImpl pooled thread 548] INFO  com.browserstack.utils.Helpers - null
17:54:17.791 [ApplicationImpl pooled thread 548] INFO  c.b.l.BrowserStackRunExtension - Agent path: null
18:04:13.248 [ApplicationImpl pooled thread 562] INFO  c.b.l.BrowserStackRunExtension - testng
18:04:13.248 [ApplicationImpl pooled thread 562] INFO  com.browserstack.utils.Helpers - null
18:04:13.249 [ApplicationImpl pooled thread 562] INFO  c.b.l.BrowserStackRunExtension - Agent path: null
18:08:29.139 [ApplicationImpl pooled thread 571] INFO  c.b.l.BrowserStackRunExtension - testng
18:08:29.139 [ApplicationImpl pooled thread 571] INFO  com.browserstack.utils.Helpers - null
18:08:29.139 [ApplicationImpl pooled thread 571] INFO  c.b.l.BrowserStackRunExtension - Agent path: null
18:11:02.892 [ApplicationImpl pooled thread 572] INFO  c.b.l.BrowserStackRunExtension - testng
18:11:02.892 [ApplicationImpl pooled thread 572] INFO  com.browserstack.utils.Helpers - null
18:11:02.892 [ApplicationImpl pooled thread 572] INFO  c.b.l.BrowserStackRunExtension - Agent path: null
18:14:46.719 [ApplicationImpl pooled thread 587] INFO  c.b.l.BrowserStackRunExtension - testng
18:14:46.719 [ApplicationImpl pooled thread 587] INFO  com.browserstack.utils.Helpers - null
18:14:46.720 [ApplicationImpl pooled thread 587] INFO  c.b.l.BrowserStackRunExtension - Agent path: null
18:16:30.122 [ApplicationImpl pooled thread 581] INFO  c.b.l.BrowserStackRunExtension - testng
18:16:30.122 [ApplicationImpl pooled thread 581] INFO  com.browserstack.utils.Helpers - null
18:16:30.123 [ApplicationImpl pooled thread 581] INFO  c.b.l.BrowserStackRunExtension - Agent path: null
18:18:16.475 [ApplicationImpl pooled thread 592] INFO  c.b.l.BrowserStackRunExtension - testng
18:18:16.476 [ApplicationImpl pooled thread 592] INFO  com.browserstack.utils.Helpers - null
18:18:16.476 [ApplicationImpl pooled thread 592] INFO  c.b.l.BrowserStackRunExtension - Agent path: null
18:24:46.302 [ApplicationImpl pooled thread 595] INFO  c.b.l.BrowserStackRunExtension - testng
18:24:46.302 [ApplicationImpl pooled thread 595] INFO  com.browserstack.utils.Helpers - null
18:24:46.302 [ApplicationImpl pooled thread 595] INFO  c.b.l.BrowserStackRunExtension - Agent path: null
18:28:25.153 [ApplicationImpl pooled thread 599] INFO  c.b.l.BrowserStackRunExtension - testng
18:28:25.154 [ApplicationImpl pooled thread 599] INFO  com.browserstack.utils.Helpers - null
18:28:25.154 [ApplicationImpl pooled thread 599] INFO  c.b.l.BrowserStackRunExtension - Agent path: null
18:30:45.976 [ApplicationImpl pooled thread 605] INFO  c.b.l.BrowserStackRunExtension - testng
18:30:45.976 [ApplicationImpl pooled thread 605] INFO  com.browserstack.utils.Helpers - null
18:30:45.977 [ApplicationImpl pooled thread 605] INFO  c.b.l.BrowserStackRunExtension - Agent path: null
18:33:01.588 [ApplicationImpl pooled thread 609] INFO  c.b.l.BrowserStackRunExtension - testng
18:33:01.589 [ApplicationImpl pooled thread 609] INFO  com.browserstack.utils.Helpers - null
18:33:01.589 [ApplicationImpl pooled thread 609] INFO  c.b.l.BrowserStackRunExtension - Agent path: null
18:35:52.695 [ApplicationImpl pooled thread 615] INFO  c.b.l.BrowserStackRunExtension - testng
18:35:52.695 [ApplicationImpl pooled thread 615] INFO  com.browserstack.utils.Helpers - null
18:35:52.695 [ApplicationImpl pooled thread 615] INFO  c.b.l.BrowserStackRunExtension - Agent path: null
18:38:20.760 [ApplicationImpl pooled thread 620] INFO  c.b.l.BrowserStackRunExtension - testng
18:38:20.760 [ApplicationImpl pooled thread 620] INFO  com.browserstack.utils.Helpers - null
18:38:20.760 [ApplicationImpl pooled thread 620] INFO  c.b.l.BrowserStackRunExtension - Agent path: null
18:44:54.341 [ApplicationImpl pooled thread 639] INFO  c.b.l.BrowserStackRunExtension - testng
18:44:54.341 [ApplicationImpl pooled thread 639] INFO  com.browserstack.utils.Helpers - null
18:44:54.341 [ApplicationImpl pooled thread 639] INFO  c.b.l.BrowserStackRunExtension - Agent path: null
18:57:23.975 [ApplicationImpl pooled thread 653] INFO  c.b.l.BrowserStackRunExtension - testng
18:57:23.976 [ApplicationImpl pooled thread 653] INFO  com.browserstack.utils.Helpers - null
18:57:23.976 [ApplicationImpl pooled thread 653] INFO  c.b.l.BrowserStackRunExtension - Agent path: null
19:02:22.604 [ApplicationImpl pooled thread 668] INFO  c.b.l.BrowserStackRunExtension - testng
19:02:22.605 [ApplicationImpl pooled thread 668] INFO  com.browserstack.utils.Helpers - null
19:02:22.605 [ApplicationImpl pooled thread 668] INFO  c.b.l.BrowserStackRunExtension - Agent path: null
19:04:04.910 [ApplicationImpl pooled thread 662] INFO  c.b.l.BrowserStackRunExtension - testng
19:04:04.910 [ApplicationImpl pooled thread 662] INFO  com.browserstack.utils.Helpers - null
19:04:04.910 [ApplicationImpl pooled thread 662] INFO  c.b.l.BrowserStackRunExtension - Agent path: null
19:16:00.125 [ApplicationImpl pooled thread 691] INFO  c.b.l.BrowserStackRunExtension - testng
19:16:00.125 [ApplicationImpl pooled thread 691] INFO  com.browserstack.utils.Helpers - null
19:16:00.125 [ApplicationImpl pooled thread 691] INFO  c.b.l.BrowserStackRunExtension - Agent path: null
19:19:28.263 [ApplicationImpl pooled thread 703] INFO  c.b.l.BrowserStackRunExtension - testng
19:19:28.263 [ApplicationImpl pooled thread 703] INFO  com.browserstack.utils.Helpers - null
19:19:28.264 [ApplicationImpl pooled thread 703] INFO  c.b.l.BrowserStackRunExtension - Agent path: null
19:24:10.336 [ApplicationImpl pooled thread 705] INFO  c.b.l.BrowserStackRunExtension - testng
19:24:10.336 [ApplicationImpl pooled thread 705] INFO  com.browserstack.utils.Helpers - null
19:24:10.336 [ApplicationImpl pooled thread 705] INFO  c.b.l.BrowserStackRunExtension - Agent path: null
19:29:03.907 [ApplicationImpl pooled thread 716] INFO  c.b.l.BrowserStackRunExtension - testng
19:29:03.907 [ApplicationImpl pooled thread 716] INFO  com.browserstack.utils.Helpers - null
19:29:03.908 [ApplicationImpl pooled thread 716] INFO  c.b.l.BrowserStackRunExtension - Agent path: null
19:33:00.121 [ApplicationImpl pooled thread 714] INFO  c.b.l.BrowserStackRunExtension - testng
19:33:00.121 [ApplicationImpl pooled thread 714] INFO  com.browserstack.utils.Helpers - null
19:33:00.122 [ApplicationImpl pooled thread 714] INFO  c.b.l.BrowserStackRunExtension - Agent path: null
19:39:16.586 [ApplicationImpl pooled thread 728] INFO  c.b.l.BrowserStackRunExtension - testng
19:39:16.586 [ApplicationImpl pooled thread 728] INFO  com.browserstack.utils.Helpers - null
19:39:16.586 [ApplicationImpl pooled thread 728] INFO  c.b.l.BrowserStackRunExtension - Agent path: null
19:46:22.213 [ApplicationImpl pooled thread 737] INFO  c.b.l.BrowserStackRunExtension - testng
19:46:22.213 [ApplicationImpl pooled thread 737] INFO  com.browserstack.utils.Helpers - null
19:46:22.214 [ApplicationImpl pooled thread 737] INFO  c.b.l.BrowserStackRunExtension - Agent path: null
19:48:00.530 [ApplicationImpl pooled thread 745] INFO  c.b.l.BrowserStackRunExtension - testng
19:48:00.530 [ApplicationImpl pooled thread 745] INFO  com.browserstack.utils.Helpers - null
19:48:00.531 [ApplicationImpl pooled thread 745] INFO  c.b.l.BrowserStackRunExtension - Agent path: null
19:51:49.584 [ApplicationImpl pooled thread 747] INFO  c.b.l.BrowserStackRunExtension - testng
19:51:49.584 [ApplicationImpl pooled thread 747] INFO  com.browserstack.utils.Helpers - null
19:51:49.585 [ApplicationImpl pooled thread 747] INFO  c.b.l.BrowserStackRunExtension - Agent path: null
19:55:38.915 [ApplicationImpl pooled thread 749] INFO  c.b.l.BrowserStackRunExtension - testng
19:55:38.915 [ApplicationImpl pooled thread 749] INFO  com.browserstack.utils.Helpers - null
19:55:38.916 [ApplicationImpl pooled thread 749] INFO  c.b.l.BrowserStackRunExtension - Agent path: null
20:00:08.214 [ApplicationImpl pooled thread 769] INFO  c.b.l.BrowserStackRunExtension - testng
20:00:08.214 [ApplicationImpl pooled thread 769] INFO  com.browserstack.utils.Helpers - null
20:00:08.214 [ApplicationImpl pooled thread 769] INFO  c.b.l.BrowserStackRunExtension - Agent path: null
20:05:34.658 [ApplicationImpl pooled thread 779] INFO  c.b.l.BrowserStackRunExtension - testng
20:05:34.658 [ApplicationImpl pooled thread 779] INFO  com.browserstack.utils.Helpers - null
20:05:34.658 [ApplicationImpl pooled thread 779] INFO  c.b.l.BrowserStackRunExtension - Agent path: null
20:07:39.887 [ApplicationImpl pooled thread 776] INFO  c.b.l.BrowserStackRunExtension - testng
20:07:39.887 [ApplicationImpl pooled thread 776] INFO  com.browserstack.utils.Helpers - null
20:07:39.887 [ApplicationImpl pooled thread 776] INFO  c.b.l.BrowserStackRunExtension - Agent path: null
20:12:12.139 [ApplicationImpl pooled thread 776] INFO  c.b.l.BrowserStackRunExtension - testng
20:12:12.139 [ApplicationImpl pooled thread 776] INFO  com.browserstack.utils.Helpers - null
20:12:12.139 [ApplicationImpl pooled thread 776] INFO  c.b.l.BrowserStackRunExtension - Agent path: null
20:14:31.034 [ApplicationImpl pooled thread 795] INFO  c.b.l.BrowserStackRunExtension - testng
20:14:31.034 [ApplicationImpl pooled thread 795] INFO  com.browserstack.utils.Helpers - null
20:14:31.034 [ApplicationImpl pooled thread 795] INFO  c.b.l.BrowserStackRunExtension - Agent path: null
20:16:36.147 [ApplicationImpl pooled thread 794] INFO  c.b.l.BrowserStackRunExtension - testng
20:16:36.147 [ApplicationImpl pooled thread 794] INFO  com.browserstack.utils.Helpers - null
20:16:36.147 [ApplicationImpl pooled thread 794] INFO  c.b.l.BrowserStackRunExtension - Agent path: null
20:18:10.465 [ApplicationImpl pooled thread 803] INFO  c.b.l.BrowserStackRunExtension - testng
20:18:10.465 [ApplicationImpl pooled thread 803] INFO  com.browserstack.utils.Helpers - null
20:18:10.466 [ApplicationImpl pooled thread 803] INFO  c.b.l.BrowserStackRunExtension - Agent path: null
20:19:45.458 [ApplicationImpl pooled thread 802] INFO  c.b.l.BrowserStackRunExtension - testng
20:19:45.458 [ApplicationImpl pooled thread 802] INFO  com.browserstack.utils.Helpers - null
20:19:45.459 [ApplicationImpl pooled thread 802] INFO  c.b.l.BrowserStackRunExtension - Agent path: null
20:36:21.275 [ApplicationImpl pooled thread 821] INFO  c.b.l.BrowserStackRunExtension - testng
20:36:21.275 [ApplicationImpl pooled thread 821] INFO  com.browserstack.utils.Helpers - null
20:36:21.276 [ApplicationImpl pooled thread 821] INFO  c.b.l.BrowserStackRunExtension - Agent path: null
